2015-04-12 1:56:58 - PHP Notice:  unserialize(): Error at offset 0 of 1 bytes in /var/www/html/wwwroot/opencart_53448/system/library/cart.php on line 23
2015-04-12 1:56:58 - PHP Notice:  unserialize(): Error at offset 0 of 1 bytes in /var/www/html/wwwroot/opencart_53448/system/library/cart.php on line 23
2015-04-12 19:49:28 - PHP Notice:  unserialize(): Error at offset 0 of 1 bytes in /var/www/html/wwwroot/opencart_53448/system/library/cart.php on line 23
2015-04-18 23:55:51 - PHP Notice:  unserialize(): Error at offset 0 of 1 bytes in /var/www/html/wwwroot/opencart_53448/system/library/cart.php on line 23
2015-04-20 14:48:09 - PHP Notice:  unserialize(): Error at offset 0 of 1 bytes in /var/www/html/wwwroot/opencart_53448/system/library/cart.php on line 23
2015-04-20 14:48:09 - PHP Notice:  unserialize(): Error at offset 0 of 1 bytes in /var/www/html/wwwroot/opencart_53448/system/library/cart.php on line 23
2015-04-26 20:41:01 - PHP Notice:  unserialize(): Error at offset 0 of 1 bytes in /var/www/html/wwwroot/opencart_53448/system/library/cart.php on line 23
2015-04-27 22:55:35 - PHP Notice:  unserialize(): Error at offset 0 of 1 bytes in /var/www/html/wwwroot/opencart_53448/system/library/cart.php on line 23
2015-04-29 10:46:33 - PHP Notice:  unserialize(): Error at offset 0 of 23 bytes in /var/www/html/wwwroot/opencart_53448/system/library/cart.php on line 23
2015-05-04 11:27:57 - PHP Notice:  unserialize(): Error at offset 0 of 1 bytes in /var/www/html/wwwroot/opencart_53448/system/library/cart.php on line 23
2015-05-04 11:27:57 - PHP Notice:  unserialize(): Error at offset 0 of 1 bytes in /var/www/html/wwwroot/opencart_53448/system/library/cart.php on line 23
2015-05-04 21:39:23 - PHP Notice:  unserialize(): Error at offset 0 of 1 bytes in /var/www/html/wwwroot/opencart_53448/system/library/cart.php on line 23
2015-05-10 16:46:41 - PHP Notice:  unserialize(): Error at offset 0 of 1 bytes in /var/www/html/wwwroot/opencart_53448/system/library/cart.php on line 23
2015-05-11 2:17:38 - PHP Notice:  unserialize(): Error at offset 0 of 1 bytes in /var/www/html/wwwroot/opencart_53448/system/library/cart.php on line 23
2015-05-13 18:21:17 - PHP Notice:  unserialize(): Error at offset 0 of 1 bytes in /var/www/html/wwwroot/opencart_53448/system/library/cart.php on line 23
2015-05-13 18:21:17 - PHP Notice:  unserialize(): Error at offset 0 of 1 bytes in /var/www/html/wwwroot/opencart_53448/system/library/cart.php on line 23
2015-05-13 18:21:17 - PHP Notice:  unserialize(): Error at offset 0 of 1 bytes in /var/www/html/wwwroot/opencart_53448/system/library/cart.php on line 23
2015-05-13 18:21:17 - PHP Notice:  unserialize(): Error at offset 0 of 1 bytes in /var/www/html/wwwroot/opencart_53448/system/library/cart.php on line 23
2015-05-14 20:48:21 - PHP Notice:  unserialize(): Error at offset 0 of 1 bytes in /var/www/html/wwwroot/opencart_53448/system/library/cart.php on line 23
2015-05-24 14:45:44 - PHP Notice:  unserialize(): Error at offset 0 of 1 bytes in /var/www/html/wwwroot/opencart_53448/system/library/cart.php on line 23
2015-05-24 14:45:44 - PHP Notice:  unserialize(): Error at offset 0 of 1 bytes in /var/www/html/wwwroot/opencart_53448/system/library/cart.php on line 23
2015-06-04 11:21:50 - PHP Notice:  unserialize(): Error at offset 0 of 22 bytes in /var/www/html/wwwroot/opencart_53448/system/library/cart.php on line 23
2015-06-04 17:20:30 - PHP Notice:  Undefined index: guest in /var/www/html/wwwroot/opencart_53448/catalog/controller/checkout/guest_shipping.php on line 84
2015-06-04 17:21:11 - PHP Notice:  Undefined index: payment_method in /var/www/html/wwwroot/opencart_53448/catalog/controller/payment/cod.php on line 16
2015-06-09 16:19:57 - PHP Notice:  unserialize(): Error at offset 0 of 1 bytes in /var/www/html/wwwroot/opencart_53448/system/library/cart.php on line 23
2015-06-09 18:27:35 - PHP Notice:  unserialize(): Error at offset 0 of 1 bytes in /var/www/html/wwwroot/opencart_53448/system/library/cart.php on line 23
2015-06-10 6:59:55 - PHP Notice:  unserialize(): Error at offset 0 of 1 bytes in /var/www/html/wwwroot/opencart_53448/system/library/cart.php on line 23
2015-06-12 16:29:31 - PHP Notice:  unserialize(): Error at offset 0 of 1 bytes in /var/www/html/wwwroot/opencart_53448/system/library/cart.php on line 23
2015-06-16 21:39:14 - PHP Notice:  unserialize(): Error at offset 0 of 31 bytes in /var/www/html/wwwroot/opencart_53448/system/library/cart.php on line 23
2015-06-17 3:21:56 - PHP Notice:  unserialize(): Error at offset 0 of 1 bytes in /var/www/html/wwwroot/opencart_53448/system/library/cart.php on line 23
2015-06-23 7:49:07 - PHP Notice:  unserialize(): Error at offset 0 of 1 bytes in /var/www/html/wwwroot/opencart_53448/system/library/cart.php on line 23
2015-06-24 5:24:38 - PHP Notice:  unserialize(): Error at offset 0 of 1 bytes in /var/www/html/wwwroot/opencart_53448/system/library/cart.php on line 23
2015-06-26 4:40:33 - PHP Notice:  unserialize(): Error at offset 0 of 1 bytes in /var/www/html/wwwroot/opencart_53448/system/library/cart.php on line 23
2015-06-26 4:40:33 - PHP Notice:  unserialize(): Error at offset 0 of 1 bytes in /var/www/html/wwwroot/opencart_53448/system/library/cart.php on line 23
2015-07-03 11:08:25 - PHP Notice:  unserialize(): Error at offset 0 of 1 bytes in /var/www/html/wwwroot/opencart_53448/system/library/cart.php on line 23
2015-07-04 19:07:19 - PHP Notice:  unserialize(): Error at offset 0 of 1 bytes in /var/www/html/wwwroot/opencart_53448/system/library/cart.php on line 23
2015-07-05 7:54:41 - PHP Notice:  unserialize(): Error at offset 0 of 1 bytes in /var/www/html/wwwroot/opencart_53448/system/library/cart.php on line 23
2015-07-13 18:34:21 - PHP Notice:  unserialize(): Error at offset 0 of 1 bytes in /var/www/html/wwwroot/opencart_53448/system/library/cart.php on line 23
2015-07-17 19:18:41 - PHP Notice:  unserialize(): Error at offset 0 of 1 bytes in /var/www/html/wwwroot/opencart_53448/system/library/cart.php on line 23
2015-07-17 19:18:41 - PHP Notice:  unserialize(): Error at offset 0 of 1 bytes in /var/www/html/wwwroot/opencart_53448/system/library/cart.php on line 23
2015-07-17 19:18:41 - PHP Notice:  unserialize(): Error at offset 0 of 1 bytes in /var/www/html/wwwroot/opencart_53448/system/library/cart.php on line 23
2015-07-24 10:25:55 - PHP Notice:  unserialize(): Error at offset 0 of 1 bytes in /var/www/html/wwwroot/opencart_53448/system/library/cart.php on line 23
2015-07-25 6:17:59 - PHP Notice:  unserialize(): Error at offset 0 of 1 bytes in /var/www/html/wwwroot/opencart_53448/system/library/cart.php on line 23
2015-07-25 6:17:59 - PHP Notice:  unserialize(): Error at offset 0 of 1 bytes in /var/www/html/wwwroot/opencart_53448/system/library/cart.php on line 23
2015-07-25 6:17:59 - PHP Notice:  unserialize(): Error at offset 0 of 1 bytes in /var/www/html/wwwroot/opencart_53448/system/library/cart.php on line 23
2015-07-25 6:17:59 - PHP Notice:  unserialize(): Error at offset 0 of 1 bytes in /var/www/html/wwwroot/opencart_53448/system/library/cart.php on line 23
2015-07-28 19:52:47 - PHP Notice:  unserialize(): Error at offset 0 of 1 bytes in /var/www/html/wwwroot/opencart_53448/system/library/cart.php on line 23
2015-07-31 12:09:13 - PHP Notice:  unserialize(): Error at offset 0 of 1 bytes in /var/www/html/wwwroot/opencart_53448/system/library/cart.php on line 23
2015-07-31 12:09:13 - PHP Notice:  unserialize(): Error at offset 0 of 1 bytes in /var/www/html/wwwroot/opencart_53448/system/library/cart.php on line 23
2015-08-04 17:04:49 - PHP Notice:  unserialize(): Error at offset 0 of 1 bytes in /var/www/html/wwwroot/opencart_53448/system/library/cart.php on line 23
2015-08-04 17:04:49 - PHP Notice:  unserialize(): Error at offset 0 of 1 bytes in /var/www/html/wwwroot/opencart_53448/system/library/cart.php on line 23
2015-08-05 16:24:20 - PHP Notice:  unserialize(): Error at offset 0 of 1 bytes in /var/www/html/wwwroot/opencart_53448/system/library/cart.php on line 23
2015-08-05 16:24:21 - PHP Notice:  unserialize(): Error at offset 0 of 1 bytes in /var/www/html/wwwroot/opencart_53448/system/library/cart.php on line 23
2015-08-06 4:12:43 - PHP Notice:  unserialize(): Error at offset 0 of 1 bytes in /var/www/html/wwwroot/opencart_53448/system/library/cart.php on line 23
2015-08-06 15:23:19 - PHP Notice:  unserialize(): Error at offset 0 of 1 bytes in /var/www/html/wwwroot/opencart_53448/system/library/cart.php on line 23
2015-08-06 15:23:19 - PHP Notice:  unserialize(): Error at offset 0 of 1 bytes in /var/www/html/wwwroot/opencart_53448/system/library/cart.php on line 23
2015-08-06 15:23:19 - PHP Notice:  unserialize(): Error at offset 0 of 1 bytes in /var/www/html/wwwroot/opencart_53448/system/library/cart.php on line 23
2015-08-12 7:36:53 - PHP Notice:  unserialize(): Error at offset 0 of 46 bytes in /var/www/html/wwwroot/opencart_53448/system/library/cart.php on line 23
2015-08-12 11:50:46 - PHP Notice:  unserialize(): Error at offset 0 of 1 bytes in /var/www/html/wwwroot/opencart_53448/system/library/cart.php on line 23
2015-08-12 11:50:46 - PHP Notice:  unserialize(): Error at offset 0 of 1 bytes in /var/www/html/wwwroot/opencart_53448/system/library/cart.php on line 23
2015-08-16 19:18:24 - PHP Notice:  unserialize(): Error at offset 0 of 1 bytes in /var/www/html/wwwroot/opencart_53448/system/library/cart.php on line 23
2015-08-16 19:18:24 - PHP Notice:  unserialize(): Error at offset 0 of 1 bytes in /var/www/html/wwwroot/opencart_53448/system/library/cart.php on line 23
2015-08-17 19:48:31 - PHP Notice:  unserialize(): Error at offset 0 of 1 bytes in /var/www/html/wwwroot/opencart_53448/system/library/cart.php on line 23
2015-08-20 22:58:07 - PHP Notice:  unserialize(): Error at offset 0 of 1 bytes in /var/www/html/wwwroot/opencart_53448/system/library/cart.php on line 23
2015-08-20 22:58:07 - PHP Notice:  unserialize(): Error at offset 0 of 1 bytes in /var/www/html/wwwroot/opencart_53448/system/library/cart.php on line 23
2015-08-20 22:58:07 - PHP Notice:  unserialize(): Error at offset 0 of 22 bytes in /var/www/html/wwwroot/opencart_53448/system/library/cart.php on line 23
2015-08-26 1:31:00 - PHP Notice:  unserialize(): Error at offset 0 of 1 bytes in /var/www/html/wwwroot/opencart_53448/system/library/cart.php on line 23
2015-08-26 1:31:00 - PHP Notice:  unserialize(): Error at offset 0 of 1 bytes in /var/www/html/wwwroot/opencart_53448/system/library/cart.php on line 23
2015-08-29 18:32:22 - PHP Notice:  unserialize(): Error at offset 0 of 1 bytes in /var/www/html/wwwroot/opencart_53448/system/library/cart.php on line 23
2015-09-01 14:26:57 - PHP Notice:  unserialize(): Error at offset 0 of 1 bytes in /var/www/html/wwwroot/opencart_53448/system/library/cart.php on line 23
2015-09-02 21:40:22 - PHP Notice:  unserialize(): Error at offset 0 of 1 bytes in /var/www/html/wwwroot/opencart_53448/system/library/cart.php on line 23
2015-09-02 21:40:22 - PHP Notice:  unserialize(): Error at offset 0 of 22 bytes in /var/www/html/wwwroot/opencart_53448/system/library/cart.php on line 23
2015-09-04 14:39:48 - PHP Notice:  unserialize(): Error at offset 0 of 1 bytes in /var/www/html/wwwroot/opencart_53448/system/library/cart.php on line 23
2015-09-05 18:52:50 - PHP Notice:  unserialize(): Error at offset 0 of 22 bytes in /var/www/html/wwwroot/opencart_53448/system/library/cart.php on line 23
2015-09-08 19:35:45 - PHP Notice:  unserialize(): Error at offset 0 of 1 bytes in /var/www/html/wwwroot/opencart_53448/system/library/cart.php on line 23
2015-09-08 19:35:45 - PHP Notice:  unserialize(): Error at offset 0 of 1 bytes in /var/www/html/wwwroot/opencart_53448/system/library/cart.php on line 23
2015-09-09 14:26:11 - PHP Warning:  unlink(/var/www/html/wwwroot/opencart_53448/system/cache/cache.currency.1441821168): No such file or directory in /var/www/html/wwwroot/opencart_53448/system/library/cache/file.php on line 17
2015-09-10 4:37:01 - PHP Notice:  unserialize(): Error at offset 0 of 1 bytes in /var/www/html/wwwroot/opencart_53448/system/library/cart.php on line 23
2015-09-26 10:41:58 - PHP Notice:  unserialize(): Error at offset 0 of 1 bytes in /var/www/html/wwwroot/opencart_53448/system/library/cart.php on line 23
2015-09-29 0:48:16 - PHP Notice:  unserialize(): Error at offset 0 of 1 bytes in /var/www/html/wwwroot/opencart_53448/system/library/cart.php on line 23
2015-09-29 0:48:16 - PHP Notice:  unserialize(): Error at offset 0 of 22 bytes in /var/www/html/wwwroot/opencart_53448/system/library/cart.php on line 23
2015-09-30 8:55:03 - PHP Notice:  unserialize(): Error at offset 0 of 1 bytes in /var/www/html/wwwroot/opencart_53448/system/library/cart.php on line 23
2015-09-30 8:55:03 - PHP Notice:  unserialize(): Error at offset 0 of 1 bytes in /var/www/html/wwwroot/opencart_53448/system/library/cart.php on line 23
2015-10-05 14:07:49 - PHP Notice:  unserialize(): Error at offset 0 of 1 bytes in /var/www/html/wwwroot/opencart_53448/system/library/cart.php on line 23
2015-10-09 10:40:19 - PHP Notice:  unserialize(): Error at offset 0 of 1 bytes in /var/www/html/wwwroot/opencart_53448/system/library/cart.php on line 23
2015-10-09 10:40:19 - PHP Notice:  unserialize(): Error at offset 0 of 1 bytes in /var/www/html/wwwroot/opencart_53448/system/library/cart.php on line 23
2015-10-10 20:39:22 - PHP Notice:  unserialize(): Error at offset 0 of 1 bytes in /var/www/html/wwwroot/opencart_53448/system/library/cart.php on line 23
2015-10-10 20:39:22 - PHP Notice:  unserialize(): Error at offset 0 of 1 bytes in /var/www/html/wwwroot/opencart_53448/system/library/cart.php on line 23
2015-10-10 20:39:22 - PHP Notice:  unserialize(): Error at offset 0 of 1 bytes in /var/www/html/wwwroot/opencart_53448/system/library/cart.php on line 23
2015-10-10 20:39:22 - PHP Notice:  unserialize(): Error at offset 0 of 1 bytes in /var/www/html/wwwroot/opencart_53448/system/library/cart.php on line 23
2015-10-10 20:39:22 - PHP Notice:  unserialize(): Error at offset 0 of 1 bytes in /var/www/html/wwwroot/opencart_53448/system/library/cart.php on line 23
2015-10-23 18:30:59 - PHP Notice:  unserialize(): Error at offset 0 of 1 bytes in /var/www/html/wwwroot/opencart_53448/system/library/cart.php on line 23
2015-11-11 5:26:17 - PHP Notice:  unserialize(): Error at offset 0 of 1 bytes in /var/www/html/wwwroot/opencart_53448/system/library/cart.php on line 23
2015-11-14 1:52:33 - PHP Notice:  unserialize(): Error at offset 0 of 1 bytes in /var/www/html/wwwroot/opencart_53448/system/library/cart.php on line 23
2015-11-18 13:14:36 - PHP Notice:  unserialize(): Error at offset 0 of 1 bytes in /var/www/html/wwwroot/opencart_53448/system/library/cart.php on line 23
2015-11-18 13:14:36 - PHP Notice:  unserialize(): Error at offset 0 of 1 bytes in /var/www/html/wwwroot/opencart_53448/system/library/cart.php on line 23
2015-11-18 13:14:36 - PHP Notice:  unserialize(): Error at offset 0 of 1 bytes in /var/www/html/wwwroot/opencart_53448/system/library/cart.php on line 23
2015-11-29 22:13:25 - PHP Notice:  unserialize(): Error at offset 0 of 1 bytes in /var/www/html/wwwroot/opencart_53448/system/library/cart.php on line 23
2015-12-08 1:48:51 - PHP Notice:  unserialize(): Error at offset 0 of 1 bytes in /var/www/html/wwwroot/opencart_53448/system/library/cart.php on line 23
2015-12-11 12:32:04 - PHP Notice:  unserialize(): Error at offset 0 of 1 bytes in /var/www/html/wwwroot/opencart_53448/system/library/cart.php on line 23
2015-12-11 12:32:04 - PHP Notice:  unserialize(): Error at offset 0 of 1 bytes in /var/www/html/wwwroot/opencart_53448/system/library/cart.php on line 23
2015-12-22 13:27:31 - PHP Notice:  unserialize(): Error at offset 0 of 1 bytes in /var/www/html/wwwroot/opencart_53448/system/library/cart.php on line 23
2015-12-22 13:27:31 - PHP Notice:  unserialize(): Error at offset 0 of 1 bytes in /var/www/html/wwwroot/opencart_53448/system/library/cart.php on line 23
2015-12-28 23:18:28 - PHP Notice:  unserialize(): Error at offset 0 of 1 bytes in /var/www/html/wwwroot/opencart_53448/system/library/cart.php on line 23
2016-01-03 6:57:25 - PHP Warning:  unlink(/var/www/html/wwwroot/opencart_53448/system/cache/cache.language.1451819259): No such file or directory in /var/www/html/wwwroot/opencart_53448/system/library/cache/file.php on line 17
2016-01-12 14:58:41 - PHP Notice:  unserialize(): Error at offset 0 of 1 bytes in /var/www/html/wwwroot/opencart_53448/system/library/cart.php on line 23
2016-01-15 5:53:08 - PHP Notice:  unserialize(): Error at offset 0 of 1 bytes in /var/www/html/wwwroot/opencart_53448/system/library/cart.php on line 23
2016-01-23 14:51:40 - PHP Notice:  unserialize(): Error at offset 0 of 1 bytes in /var/www/html/wwwroot/opencart_53448/system/library/cart.php on line 23
2016-01-23 14:51:40 - PHP Notice:  unserialize(): Error at offset 0 of 1 bytes in /var/www/html/wwwroot/opencart_53448/system/library/cart.php on line 23
2016-01-26 13:08:32 - PHP Notice:  unserialize(): Error at offset 0 of 1 bytes in /var/www/html/wwwroot/opencart_53448/system/library/cart.php on line 23
2016-02-05 9:25:14 - PHP Notice:  unserialize(): Error at offset 0 of 1 bytes in /var/www/html/wwwroot/opencart_53448/system/library/cart.php on line 23
2016-02-05 9:25:14 - PHP Notice:  unserialize(): Error at offset 0 of 1 bytes in /var/www/html/wwwroot/opencart_53448/system/library/cart.php on line 23
2016-02-09 13:51:14 - PHP Notice:  unserialize(): Error at offset 0 of 1 bytes in /var/www/html/wwwroot/opencart_53448/system/library/cart.php on line 23
2016-02-09 13:51:14 - PHP Notice:  unserialize(): Error at offset 0 of 1 bytes in /var/www/html/wwwroot/opencart_53448/system/library/cart.php on line 23
2016-02-10 5:22:23 - PHP Notice:  unserialize(): Error at offset 0 of 1 bytes in /var/www/html/wwwroot/opencart_53448/system/library/cart.php on line 23
2016-02-22 23:40:23 - PHP Notice:  unserialize(): Error at offset 0 of 1 bytes in /var/www/html/wwwroot/opencart_53448/system/library/cart.php on line 23
2016-02-22 23:40:23 - PHP Notice:  unserialize(): Error at offset 0 of 1 bytes in /var/www/html/wwwroot/opencart_53448/system/library/cart.php on line 23
2016-02-23 11:05:25 - PHP Notice:  unserialize(): Error at offset 0 of 1 bytes in /var/www/html/wwwroot/opencart_53448/system/library/cart.php on line 23
2016-02-23 11:05:25 - PHP Notice:  unserialize(): Error at offset 0 of 1 bytes in /var/www/html/wwwroot/opencart_53448/system/library/cart.php on line 23
2016-02-23 11:05:25 - PHP Notice:  unserialize(): Error at offset 0 of 1 bytes in /var/www/html/wwwroot/opencart_53448/system/library/cart.php on line 23
2016-02-23 11:05:25 - PHP Notice:  unserialize(): Error at offset 0 of 1 bytes in /var/www/html/wwwroot/opencart_53448/system/library/cart.php on line 23
2016-02-23 11:05:25 - PHP Notice:  unserialize(): Error at offset 0 of 1 bytes in /var/www/html/wwwroot/opencart_53448/system/library/cart.php on line 23
2016-02-23 11:05:25 - PHP Notice:  unserialize(): Error at offset 0 of 1 bytes in /var/www/html/wwwroot/opencart_53448/system/library/cart.php on line 23
2016-02-23 11:05:25 - PHP Notice:  unserialize(): Error at offset 0 of 1 bytes in /var/www/html/wwwroot/opencart_53448/system/library/cart.php on line 23
2016-02-23 14:33:12 - PHP Warning:  unlink(/var/www/html/wwwroot/opencart_53448/system/cache/cache.currency.1456253282): No such file or directory in /var/www/html/wwwroot/opencart_53448/system/library/cache/file.php on line 17
2016-02-23 14:33:12 - PHP Notice:  unserialize(): Error at offset 0 of 1 bytes in /var/www/html/wwwroot/opencart_53448/system/library/cart.php on line 23
2016-03-02 6:07:29 - PHP Notice:  unserialize(): Error at offset 0 of 1 bytes in /var/www/html/wwwroot/opencart_53448/system/library/cart.php on line 23
2016-03-18 23:29:52 - PHP Notice:  unserialize(): Error at offset 0 of 1 bytes in /var/www/html/wwwroot/opencart_53448/system/library/cart.php on line 23
2016-03-21 15:11:59 - PHP Notice:  unserialize(): Error at offset 0 of 1 bytes in /var/www/html/wwwroot/opencart_53448/system/library/cart.php on line 23
2016-03-29 7:28:35 - PHP Notice:  unserialize(): Error at offset 0 of 1 bytes in /var/www/html/wwwroot/opencart_53448/system/library/cart.php on line 23
2016-04-02 9:55:02 - PHP Notice:  unserialize(): Error at offset 0 of 1 bytes in /var/www/html/wwwroot/opencart_53448/system/library/cart.php on line 23
2016-04-04 15:00:24 - PHP Notice:  unserialize(): Error at offset 0 of 1 bytes in /var/www/html/wwwroot/opencart_53448/system/library/cart.php on line 23
2016-04-04 15:00:24 - PHP Notice:  unserialize(): Error at offset 0 of 1 bytes in /var/www/html/wwwroot/opencart_53448/system/library/cart.php on line 23
2016-04-04 15:00:24 - PHP Notice:  unserialize(): Error at offset 0 of 1 bytes in /var/www/html/wwwroot/opencart_53448/system/library/cart.php on line 23
2016-04-04 15:00:24 - PHP Notice:  unserialize(): Error at offset 0 of 1 bytes in /var/www/html/wwwroot/opencart_53448/system/library/cart.php on line 23
2016-04-04 15:09:14 - PHP Notice:  unserialize(): Error at offset 0 of 1 bytes in /var/www/html/wwwroot/opencart_53448/system/library/cart.php on line 23
2016-04-15 0:21:05 - PHP Notice:  unserialize(): Error at offset 0 of 1 bytes in /var/www/html/wwwroot/opencart_53448/system/library/cart.php on line 23
2016-04-15 0:21:05 - PHP Notice:  unserialize(): Error at offset 0 of 1 bytes in /var/www/html/wwwroot/opencart_53448/system/library/cart.php on line 23
2016-04-15 0:21:05 - PHP Notice:  unserialize(): Error at offset 0 of 1 bytes in /var/www/html/wwwroot/opencart_53448/system/library/cart.php on line 23
2016-04-15 0:21:05 - PHP Notice:  unserialize(): Error at offset 0 of 1 bytes in /var/www/html/wwwroot/opencart_53448/system/library/cart.php on line 23
2016-04-15 0:42:55 - PHP Notice:  unserialize(): Error at offset 0 of 1 bytes in /var/www/html/wwwroot/opencart_53448/system/library/cart.php on line 23
2016-04-15 0:45:08 - PHP Notice:  unserialize(): Error at offset 0 of 1 bytes in /var/www/html/wwwroot/opencart_53448/system/library/cart.php on line 23
2016-04-15 7:02:46 - PHP Notice:  unserialize(): Error at offset 0 of 1 bytes in /var/www/html/wwwroot/opencart_53448/system/library/cart.php on line 23
2016-04-15 7:02:46 - PHP Notice:  unserialize(): Error at offset 0 of 1 bytes in /var/www/html/wwwroot/opencart_53448/system/library/cart.php on line 23
2016-04-15 7:02:46 - PHP Notice:  unserialize(): Error at offset 0 of 1 bytes in /var/www/html/wwwroot/opencart_53448/system/library/cart.php on line 23
2016-04-24 18:38:43 - PHP Notice:  unserialize(): Error at offset 0 of 1 bytes in /var/www/html/wwwroot/opencart_53448/system/library/cart.php on line 23
2016-04-24 18:38:43 - PHP Notice:  unserialize(): Error at offset 0 of 1 bytes in /var/www/html/wwwroot/opencart_53448/system/library/cart.php on line 23
2016-04-24 18:38:43 - PHP Notice:  unserialize(): Error at offset 0 of 1 bytes in /var/www/html/wwwroot/opencart_53448/system/library/cart.php on line 23
2016-04-24 20:11:40 - PHP Notice:  unserialize(): Error at offset 0 of 1 bytes in /var/www/html/wwwroot/opencart_53448/system/library/cart.php on line 23
2016-04-24 20:11:40 - PHP Notice:  unserialize(): Error at offset 0 of 1 bytes in /var/www/html/wwwroot/opencart_53448/system/library/cart.php on line 23
2016-04-24 20:11:40 - PHP Notice:  unserialize(): Error at offset 0 of 1 bytes in /var/www/html/wwwroot/opencart_53448/system/library/cart.php on line 23
2016-04-24 20:11:40 - PHP Notice:  unserialize(): Error at offset 0 of 1 bytes in /var/www/html/wwwroot/opencart_53448/system/library/cart.php on line 23
2016-04-28 16:37:18 - PHP Notice:  unserialize(): Error at offset 0 of 1 bytes in /var/www/html/wwwroot/opencart_53448/system/library/cart.php on line 23
2016-04-28 16:37:18 - PHP Notice:  unserialize(): Error at offset 0 of 1 bytes in /var/www/html/wwwroot/opencart_53448/system/library/cart.php on line 23
2016-05-11 6:51:40 - PHP Notice:  unserialize(): Error at offset 0 of 1 bytes in /var/www/html/wwwroot/opencart_53448/system/library/cart.php on line 23
2016-05-13 14:30:07 - PHP Notice:  unserialize(): Error at offset 0 of 1 bytes in /var/www/html/wwwroot/opencart_53448/system/library/cart.php on line 23
2016-05-19 23:41:34 - PHP Notice:  unserialize(): Error at offset 0 of 22 bytes in /var/www/html/wwwroot/opencart_53448/system/library/cart.php on line 23
2016-05-19 23:41:34 - PHP Notice:  unserialize(): Error at offset 0 of 1 bytes in /var/www/html/wwwroot/opencart_53448/system/library/cart.php on line 23
2016-05-19 23:41:34 - PHP Notice:  unserialize(): Error at offset 0 of 1 bytes in /var/www/html/wwwroot/opencart_53448/system/library/cart.php on line 23
2016-05-23 3:20:07 - PHP Notice:  unserialize(): Error at offset 0 of 1 bytes in /var/www/html/wwwroot/opencart_53448/system/library/cart.php on line 23
2016-05-31 3:48:21 - PHP Notice:  unserialize(): Error at offset 0 of 1 bytes in /var/www/html/wwwroot/opencart_53448/system/library/cart.php on line 23
2016-05-31 3:48:21 - PHP Notice:  unserialize(): Error at offset 0 of 1 bytes in /var/www/html/wwwroot/opencart_53448/system/library/cart.php on line 23
2016-06-02 1:55:17 - PHP Notice:  unserialize(): Error at offset 0 of 1 bytes in /var/www/html/wwwroot/opencart_53448/system/library/cart.php on line 23
2016-06-02 1:55:17 - PHP Notice:  unserialize(): Error at offset 0 of 1 bytes in /var/www/html/wwwroot/opencart_53448/system/library/cart.php on line 23
2016-06-02 1:55:17 - PHP Notice:  unserialize(): Error at offset 0 of 1 bytes in /var/www/html/wwwroot/opencart_53448/system/library/cart.php on line 23
2016-06-02 1:55:17 - PHP Notice:  unserialize(): Error at offset 0 of 1 bytes in /var/www/html/wwwroot/opencart_53448/system/library/cart.php on line 23
2016-06-05 13:53:22 - PHP Notice:  unserialize(): Error at offset 0 of 1 bytes in /var/www/html/wwwroot/opencart_53448/system/library/cart.php on line 23
2016-06-06 6:38:17 - PHP Notice:  unserialize(): Error at offset 0 of 1 bytes in /var/www/html/wwwroot/opencart_53448/system/library/cart.php on line 23
2016-06-06 6:38:17 - PHP Notice:  unserialize(): Error at offset 0 of 1 bytes in /var/www/html/wwwroot/opencart_53448/system/library/cart.php on line 23
2016-06-07 8:06:11 - PHP Notice:  unserialize(): Error at offset 0 of 1 bytes in /var/www/html/wwwroot/opencart_53448/system/library/cart.php on line 23
2016-06-07 8:06:11 - PHP Notice:  unserialize(): Error at offset 0 of 1 bytes in /var/www/html/wwwroot/opencart_53448/system/library/cart.php on line 23
2016-06-07 8:06:11 - PHP Notice:  unserialize(): Error at offset 0 of 1 bytes in /var/www/html/wwwroot/opencart_53448/system/library/cart.php on line 23
2016-06-07 8:06:11 - PHP Notice:  unserialize(): Error at offset 0 of 1 bytes in /var/www/html/wwwroot/opencart_53448/system/library/cart.php on line 23
2016-06-30 9:43:40 - PHP Notice:  unserialize(): Error at offset 0 of 1 bytes in /var/www/html/wwwroot/opencart_53448/system/library/cart.php on line 23
2016-07-02 5:58:40 - PHP Notice:  unserialize(): Error at offset 0 of 1 bytes in /var/www/html/wwwroot/opencart_53448/system/library/cart.php on line 23
2016-07-02 5:58:40 - PHP Notice:  unserialize(): Error at offset 0 of 1 bytes in /var/www/html/wwwroot/opencart_53448/system/library/cart.php on line 23
2016-07-03 21:08:49 - PHP Notice:  unserialize(): Error at offset 0 of 1 bytes in /var/www/html/wwwroot/opencart_53448/system/library/cart.php on line 23
2016-07-03 21:08:49 - PHP Notice:  unserialize(): Error at offset 0 of 1 bytes in /var/www/html/wwwroot/opencart_53448/system/library/cart.php on line 23
2016-07-05 18:19:18 - PHP Notice:  unserialize(): Error at offset 0 of 1 bytes in /var/www/html/wwwroot/opencart_53448/system/library/cart.php on line 23
2016-07-08 10:13:56 - PHP Notice:  unserialize(): Error at offset 0 of 1 bytes in /var/www/html/wwwroot/opencart_53448/system/library/cart.php on line 23
2016-07-10 10:51:03 - PHP Notice:  unserialize(): Error at offset 0 of 1 bytes in /var/www/html/wwwroot/opencart_53448/system/library/cart.php on line 23
2016-07-11 11:12:02 - PHP Notice:  unserialize(): Error at offset 0 of 1 bytes in /var/www/html/wwwroot/opencart_53448/system/library/cart.php on line 23
2016-07-11 11:12:02 - PHP Notice:  unserialize(): Error at offset 0 of 1 bytes in /var/www/html/wwwroot/opencart_53448/system/library/cart.php on line 23
2016-07-11 11:12:02 - PHP Notice:  unserialize(): Error at offset 0 of 1 bytes in /var/www/html/wwwroot/opencart_53448/system/library/cart.php on line 23
2016-07-22 18:09:07 - PHP Notice:  unserialize(): Error at offset 0 of 1 bytes in /var/www/html/wwwroot/opencart_53448/system/library/cart.php on line 23
2016-07-22 18:09:07 - PHP Notice:  unserialize(): Error at offset 0 of 1 bytes in /var/www/html/wwwroot/opencart_53448/system/library/cart.php on line 23
2016-07-22 18:09:07 - PHP Notice:  unserialize(): Error at offset 0 of 1 bytes in /var/www/html/wwwroot/opencart_53448/system/library/cart.php on line 23
2016-07-31 19:34:20 - PHP Notice:  unserialize(): Error at offset 0 of 1 bytes in /var/www/html/wwwroot/opencart_53448/system/library/cart.php on line 23
2016-08-13 8:32:47 - PHP Notice:  unserialize(): Error at offset 0 of 1 bytes in /var/www/html/wwwroot/opencart_53448/system/library/cart.php on line 23
2016-08-23 10:35:08 - PHP Notice:  unserialize(): Error at offset 0 of 1 bytes in /var/www/html/wwwroot/opencart_53448/system/library/cart.php on line 23
2016-08-23 22:22:36 - PHP Notice:  unserialize(): Error at offset 0 of 1 bytes in /var/www/html/wwwroot/opencart_53448/system/library/cart.php on line 23
2016-08-23 22:22:36 - PHP Notice:  unserialize(): Error at offset 0 of 1 bytes in /var/www/html/wwwroot/opencart_53448/system/library/cart.php on line 23
2016-08-24 13:39:13 - PHP Notice:  unserialize(): Error at offset 0 of 1 bytes in /var/www/html/wwwroot/opencart_53448/system/library/cart.php on line 23
2016-08-26 4:22:54 - PHP Notice:  unserialize(): Error at offset 0 of 1 bytes in /var/www/html/wwwroot/opencart_53448/system/library/cart.php on line 23
2016-08-26 4:22:54 - PHP Notice:  unserialize(): Error at offset 0 of 1 bytes in /var/www/html/wwwroot/opencart_53448/system/library/cart.php on line 23
2016-08-26 4:22:54 - PHP Notice:  unserialize(): Error at offset 0 of 1 bytes in /var/www/html/wwwroot/opencart_53448/system/library/cart.php on line 23
2016-08-26 4:22:54 - PHP Notice:  unserialize(): Error at offset 0 of 1 bytes in /var/www/html/wwwroot/opencart_53448/system/library/cart.php on line 23
2016-08-26 13:36:08 - PHP Notice:  unserialize(): Error at offset 0 of 1 bytes in /var/www/html/wwwroot/opencart_53448/system/library/cart.php on line 23
2016-09-10 12:15:12 - PHP Notice:  unserialize(): Error at offset 0 of 1 bytes in /var/www/html/wwwroot/opencart_53448/system/library/cart.php on line 23
2016-09-15 23:36:08 - PHP Notice:  unserialize(): Error at offset 0 of 1 bytes in /var/www/html/wwwroot/opencart_53448/system/library/cart.php on line 23
2016-09-17 9:01:13 - PHP Notice:  unserialize(): Error at offset 0 of 1 bytes in /var/www/html/wwwroot/opencart_53448/system/library/cart.php on line 23
2016-09-27 4:11:01 - PHP Notice:  unserialize(): Error at offset 0 of 1 bytes in /var/www/html/wwwroot/opencart_53448/system/library/cart.php on line 23
2016-09-27 4:11:01 - PHP Notice:  unserialize(): Error at offset 0 of 1 bytes in /var/www/html/wwwroot/opencart_53448/system/library/cart.php on line 23
2016-10-03 9:44:17 - PHP Notice:  unserialize(): Error at offset 0 of 1 bytes in /var/www/html/wwwroot/opencart_53448/system/library/cart.php on line 23
2016-10-24 23:27:22 - PHP Notice:  unserialize(): Error at offset 0 of 1 bytes in /var/www/html/wwwroot/opencart_53448/system/library/cart.php on line 23
2016-10-24 23:28:22 - PHP Notice:  unserialize(): Error at offset 0 of 1 bytes in /var/www/html/wwwroot/opencart_53448/system/library/cart.php on line 23
2016-10-27 17:07:31 - PHP Notice:  Undefined index: enquiry in /var/www/html/wwwroot/opencart_53448/catalog/controller/information/contact.php on line 212
2016-10-29 1:41:34 - PHP Notice:  unserialize(): Error at offset 0 of 1 bytes in /var/www/html/wwwroot/opencart_53448/system/library/cart.php on line 23
2016-10-29 1:41:34 - PHP Notice:  unserialize(): Error at offset 0 of 1 bytes in /var/www/html/wwwroot/opencart_53448/system/library/cart.php on line 23
2016-10-31 20:30:33 - PHP Notice:  Undefined index: enquiry in /var/www/html/wwwroot/opencart_53448/catalog/controller/information/contact.php on line 212
2016-11-01 2:41:29 - PHP Notice:  unserialize(): Error at offset 0 of 1 bytes in /var/www/html/wwwroot/opencart_53448/system/library/cart.php on line 23
2016-11-01 2:41:29 - PHP Notice:  unserialize(): Error at offset 0 of 1 bytes in /var/www/html/wwwroot/opencart_53448/system/library/cart.php on line 23
2016-11-01 2:41:29 - PHP Notice:  unserialize(): Error at offset 0 of 1 bytes in /var/www/html/wwwroot/opencart_53448/system/library/cart.php on line 23
2016-11-07 13:12:43 - PHP Notice:  unserialize(): Error at offset 0 of 1 bytes in /var/www/html/wwwroot/opencart_53448/system/library/cart.php on line 23
2016-11-11 9:13:11 - PHP Notice:  unserialize(): Error at offset 0 of 1 bytes in /var/www/html/wwwroot/opencart_53448/system/library/cart.php on line 23
2016-11-14 23:54:38 - PHP Notice:  unserialize(): Error at offset 0 of 1 bytes in /var/www/html/wwwroot/opencart_53448/system/library/cart.php on line 23
2016-11-14 23:54:38 - PHP Notice:  unserialize(): Error at offset 0 of 1 bytes in /var/www/html/wwwroot/opencart_53448/system/library/cart.php on line 23
2016-11-14 23:54:38 - PHP Notice:  unserialize(): Error at offset 0 of 1 bytes in /var/www/html/wwwroot/opencart_53448/system/library/cart.php on line 23
2016-11-14 23:54:38 - PHP Notice:  unserialize(): Error at offset 0 of 1 bytes in /var/www/html/wwwroot/opencart_53448/system/library/cart.php on line 23
2016-11-14 23:54:38 - PHP Notice:  unserialize(): Error at offset 0 of 22 bytes in /var/www/html/wwwroot/opencart_53448/system/library/cart.php on line 23
2016-12-05 23:35:25 - PHP Notice:  unserialize(): Error at offset 0 of 1 bytes in /var/www/html/wwwroot/opencart_53448/system/library/cart.php on line 23
2016-12-05 23:55:30 - PHP Notice:  unserialize(): Error at offset 0 of 1 bytes in /var/www/html/wwwroot/opencart_53448/system/library/cart.php on line 23
2016-12-05 23:55:30 - PHP Notice:  unserialize(): Error at offset 0 of 1 bytes in /var/www/html/wwwroot/opencart_53448/system/library/cart.php on line 23
2016-12-08 10:17:16 - PHP Notice:  unserialize(): Error at offset 0 of 1 bytes in /var/www/html/wwwroot/opencart_53448/system/library/cart.php on line 23
2016-12-14 22:51:08 - PHP Notice:  unserialize(): Error at offset 0 of 1 bytes in /var/www/html/wwwroot/opencart_53448/system/library/cart.php on line 23
2016-12-21 3:36:06 - PHP Notice:  unserialize(): Error at offset 0 of 1 bytes in /var/www/html/wwwroot/opencart_53448/system/library/cart.php on line 23
2016-12-21 3:36:06 - PHP Notice:  unserialize(): Error at offset 0 of 1 bytes in /var/www/html/wwwroot/opencart_53448/system/library/cart.php on line 23
2017-01-13 21:41:49 - PHP Notice:  unserialize(): Error at offset 0 of 22 bytes in /var/www/html/wwwroot/opencart_53448/system/library/cart.php on line 23
2017-01-14 2:18:01 - PHP Notice:  unserialize(): Error at offset 0 of 1 bytes in /var/www/html/wwwroot/opencart_53448/system/library/cart.php on line 23
2017-01-15 2:53:03 - PHP Notice:  unserialize(): Error at offset 0 of 1 bytes in /var/www/html/wwwroot/opencart_53448/system/library/cart.php on line 23
2017-01-15 2:53:03 - PHP Notice:  unserialize(): Error at offset 0 of 1 bytes in /var/www/html/wwwroot/opencart_53448/system/library/cart.php on line 23
2017-01-21 8:19:10 - PHP Notice:  unserialize(): Error at offset 0 of 1 bytes in /var/www/html/wwwroot/opencart_53448/system/library/cart.php on line 23
2017-01-27 13:38:17 - PHP Notice:  unserialize(): Error at offset 0 of 1 bytes in /var/www/html/wwwroot/opencart_53448/system/library/cart.php on line 23
2017-01-27 13:44:22 - PHP Notice:  unserialize(): Error at offset 0 of 1 bytes in /var/www/html/wwwroot/opencart_53448/system/library/cart.php on line 23
2017-01-27 13:44:22 - PHP Notice:  unserialize(): Error at offset 0 of 1 bytes in /var/www/html/wwwroot/opencart_53448/system/library/cart.php on line 23
2017-02-02 1:03:14 - PHP Notice:  unserialize(): Error at offset 0 of 1 bytes in /var/www/html/wwwroot/opencart_53448/system/library/cart.php on line 23
2017-02-05 19:14:05 - PHP Notice:  unserialize(): Error at offset 0 of 1 bytes in /var/www/html/wwwroot/opencart_53448/system/library/cart.php on line 23
2017-02-15 9:46:08 - PHP Notice:  unserialize(): Error at offset 0 of 1 bytes in /var/www/html/wwwroot/opencart_53448/system/library/cart.php on line 23
2017-02-16 5:16:34 - PHP Notice:  unserialize(): Error at offset 0 of 1 bytes in /var/www/html/wwwroot/opencart_53448/system/library/cart.php on line 23
2017-03-09 9:51:43 - PHP Notice:  unserialize(): Error at offset 0 of 1 bytes in /var/www/html/wwwroot/opencart_53448/system/library/cart.php on line 23
2017-04-05 8:14:26 - PHP Notice:  unserialize(): Error at offset 0 of 1 bytes in /var/www/html/wwwroot/opencart_53448/system/library/cart.php on line 23
2017-04-11 14:20:25 - PHP Notice:  unserialize(): Error at offset 0 of 1 bytes in /var/www/html/wwwroot/opencart_53448/system/library/cart.php on line 23
2017-04-23 13:14:22 - PHP Notice:  unserialize(): Error at offset 0 of 1 bytes in /var/www/html/wwwroot/opencart_53448/system/library/cart.php on line 23
2017-05-06 1:35:23 - PHP Notice:  unserialize(): Error at offset 0 of 1 bytes in /var/www/html/wwwroot/opencart_53448/system/library/cart.php on line 23
2017-05-06 1:35:23 - PHP Notice:  unserialize(): Error at offset 0 of 1 bytes in /var/www/html/wwwroot/opencart_53448/system/library/cart.php on line 23
2017-05-06 1:35:23 - PHP Notice:  unserialize(): Error at offset 0 of 1 bytes in /var/www/html/wwwroot/opencart_53448/system/library/cart.php on line 23
2017-05-17 3:23:32 - PHP Notice:  unserialize(): Error at offset 0 of 1 bytes in /var/www/html/wwwroot/opencart_53448/system/library/cart.php on line 23
2017-05-25 8:51:58 - PHP Notice:  unserialize(): Error at offset 0 of 1 bytes in /var/www/html/wwwroot/opencart_53448/system/library/cart.php on line 23
2017-05-30 8:08:42 - PHP Notice:  unserialize(): Error at offset 0 of 1 bytes in /var/www/html/wwwroot/opencart_53448/system/library/cart.php on line 23
2017-05-30 8:08:42 - PHP Notice:  unserialize(): Error at offset 0 of 1 bytes in /var/www/html/wwwroot/opencart_53448/system/library/cart.php on line 23
2017-06-17 3:52:41 - PHP Notice:  unserialize(): Error at offset 0 of 1 bytes in /var/www/html/wwwroot/opencart_53448/system/library/cart.php on line 23
2017-06-19 8:57:52 - PHP Notice:  unserialize(): Error at offset 0 of 1 bytes in /var/www/html/wwwroot/opencart_53448/system/library/cart.php on line 23
2017-06-19 8:57:52 - PHP Notice:  unserialize(): Error at offset 0 of 1 bytes in /var/www/html/wwwroot/opencart_53448/system/library/cart.php on line 23
2017-06-19 8:57:52 - PHP Notice:  unserialize(): Error at offset 0 of 1 bytes in /var/www/html/wwwroot/opencart_53448/system/library/cart.php on line 23
2017-06-23 3:37:13 - PHP Notice:  unserialize(): Error at offset 0 of 1 bytes in /var/www/html/wwwroot/opencart_53448/system/library/cart.php on line 23
2017-06-29 4:28:55 - PHP Notice:  unserialize(): Error at offset 0 of 1 bytes in /var/www/html/wwwroot/opencart_53448/system/library/cart.php on line 23
2017-07-11 7:56:23 - PHP Notice:  unserialize(): Error at offset 0 of 1 bytes in /var/www/html/wwwroot/opencart_53448/system/library/cart.php on line 23
2017-08-14 4:43:20 - PHP Notice:  unserialize(): Error at offset 0 of 2 bytes in /var/www/html/wwwroot/opencart_53448/system/library/cart.php on line 23
2017-08-21 5:39:20 - PHP Notice:  unserialize(): Error at offset 0 of 1 bytes in /var/www/html/wwwroot/opencart_53448/system/library/cart.php on line 23
2017-08-28 1:49:15 - PHP Notice:  unserialize(): Error at offset 0 of 1 bytes in /var/www/html/wwwroot/opencart_53448/system/library/cart.php on line 23
2017-09-03 17:51:00 - PHP Notice:  unserialize(): Error at offset 0 of 1 bytes in /var/www/html/wwwroot/opencart_53448/system/library/cart.php on line 23
2017-09-10 5:22:45 - PHP Notice:  unserialize(): Error at offset 0 of 1 bytes in /var/www/html/wwwroot/opencart_53448/system/library/cart.php on line 23
2017-10-02 4:55:41 - PHP Notice:  unserialize(): Error at offset 0 of 1 bytes in /var/www/html/wwwroot/opencart_53448/system/library/cart.php on line 23
2017-10-02 5:08:19 - PHP Notice:  unserialize(): Error at offset 0 of 1 bytes in /var/www/html/wwwroot/opencart_53448/system/library/cart.php on line 23
2017-10-08 5:51:39 - PHP Notice:  unserialize(): Error at offset 0 of 1 bytes in /var/www/html/wwwroot/opencart_53448/system/library/cart.php on line 23
2017-10-22 14:53:49 - PHP Notice:  unserialize(): Error at offset 0 of 1 bytes in /var/www/html/wwwroot/opencart_53448/system/library/cart.php on line 23
2017-10-22 14:53:49 - PHP Notice:  unserialize(): Error at offset 0 of 1 bytes in /var/www/html/wwwroot/opencart_53448/system/library/cart.php on line 23
2018-01-18 9:39:35 - PHP Notice:  unserialize(): Error at offset 0 of 1 bytes in /var/www/html/wwwroot/opencart_53448/system/library/cart.php on line 23
2018-02-15 2:33:28 - PHP Notice:  unserialize(): Error at offset 0 of 1 bytes in /var/www/html/wwwroot/opencart_53448/system/library/cart.php on line 23
2018-03-13 18:36:44 - PHP Notice:  unserialize(): Error at offset 0 of 22 bytes in /var/www/html/wwwroot/opencart_53448/system/library/cart.php on line 23
2018-03-28 5:11:58 - PHP Notice:  unserialize(): Error at offset 0 of 1 bytes in /var/www/html/wwwroot/opencart_53448/system/library/cart.php on line 23
2018-06-06 20:54:53 - PHP Notice:  unserialize(): Error at offset 0 of 22 bytes in /var/www/html/wwwroot/opencart_53448/system/library/cart.php on line 23
2018-09-22 20:27:08 - PHP Notice:  unserialize(): Error at offset 0 of 1 bytes in /var/www/html/wwwroot/opencart_53448/system/library/cart.php on line 23
2018-10-02 1:46:48 - PHP Notice:  Undefined index: payment_method in /var/www/html/wwwroot/opencart_53448/catalog/controller/payment/cod.php on line 16
2018-11-25 16:30:00 - PHP Notice:  unserialize(): Error at offset 0 of 1 bytes in /var/www/html/wwwroot/opencart_53448/system/library/cart.php on line 23
2018-11-25 16:30:00 - PHP Notice:  unserialize(): Error at offset 0 of 1 bytes in /var/www/html/wwwroot/opencart_53448/system/library/cart.php on line 23
2018-11-25 16:30:00 - PHP Notice:  unserialize(): Error at offset 0 of 1 bytes in /var/www/html/wwwroot/opencart_53448/system/library/cart.php on line 23
2018-11-25 16:30:00 - PHP Notice:  unserialize(): Error at offset 0 of 1 bytes in /var/www/html/wwwroot/opencart_53448/system/library/cart.php on line 23
2018-12-17 11:29:24 - PHP Notice:  unserialize(): Error at offset 0 of 1 bytes in /var/www/html/wwwroot/opencart_53448/system/library/cart.php on line 23
2019-04-05 18:09:48 - PHP Notice:  unserialize(): Error at offset 0 of 1 bytes in /var/www/html/wwwroot/opencart_53448/system/library/cart.php on line 23
2020-07-15 4:24:41 - PHP Notice:  Undefined index: description in C:\Users\Roman\Downloads\OSPanel\domains\theme536-full\system\modification\admin\controller\design\banner.php on line 388
2020-07-15 4:24:41 - PHP Notice:  Undefined index: description in C:\Users\Roman\Downloads\OSPanel\domains\theme536-full\system\modification\admin\controller\design\banner.php on line 388
2020-07-15 4:24:41 - PHP Notice:  Undefined index: description in C:\Users\Roman\Downloads\OSPanel\domains\theme536-full\system\modification\admin\controller\design\banner.php on line 388
